-------------------------------------------------------------------------------
Test set: com.pala.springboot.ApplicationTests
-------------------------------------------------------------------------------
Tests run: 1, Failures: 0, Errors: 1, Skipped: 0, Time elapsed: 2.12 s <<< FAILURE! - in com.pala.springboot.ApplicationTests
com.pala.springboot.ApplicationTests  Time elapsed: 2.118 s  <<< ERROR!
java.lang.IllegalStateException: Unable to find a @SpringBootConfiguration, you need to use @ContextConfiguration or @SpringBootTest(classes=...) with your test

